[21:33:05] [main/INFO]: Loading Minecraft 26.1.2 with Fabric Loader 0.19.2
[21:33:05] [main/INFO]: Loading 50 mods:
	- fabric-api 0.149.1+26.1.2
	   |-- fabric-api-base 2.0.3+ece063234c
	   |-- fabric-api-lookup-api-v1 2.0.11+d5a053b64c
	   |-- fabric-biome-api-v1 18.0.4+35c80edc4c
	   |-- fabric-block-api-v1 3.0.2+ec56b6014c
	   |-- fabric-block-getter-api-v2 2.0.6+ec56b6014c
	   |-- fabric-command-api-v2 3.0.5+e2bdee784c
	   |-- fabric-content-registries-v0 11.1.1+1a3b26974c
	   |-- fabric-convention-tags-v2 4.6.1+4f11f7994c
	   |-- fabric-crash-report-info-v1 1.0.3+9f78a5a84c
	   |-- fabric-creative-tab-api-v1 5.0.11+d871b99e4c
	   |-- fabric-data-attachment-api-v1 2.2.7+44a0bd1d4c
	   |-- fabric-data-generation-api-v1 24.2.1+73b1f9054c
	   |-- fabric-debug-api-v1 1.0.1+c792624d4c
	   |-- fabric-dimensions-v1 5.1.5+9cbf5da54c
	   |-- fabric-entity-events-v1 5.0.2+e2bdee784c
	   |-- fabric-events-interaction-v0 5.2.1+a67251b84c
	   |-- fabric-game-rule-api-v1 4.0.5+d871b99e4c
	   |-- fabric-item-api-v1 14.1.2+73d134684c
	   |-- fabric-key-mapping-api-v1 2.0.4+e2bdee784c
	   |-- fabric-lifecycle-events-v1 4.1.0+6d50a0854c
	   |-- fabric-loot-api-v3 3.0.12+00a1fba64c
	   |-- fabric-menu-api-v1 2.0.13+d871b99e4c
	   |-- fabric-message-api-v1 7.0.5+dae8ce3e4c
	   |-- fabric-model-loading-api-v1 8.0.7+c80601bb4c
	   |-- fabric-networking-api-v1 6.3.1+554860db4c
	   |-- fabric-object-builder-api-v1 23.0.16+b95dd56e4c
	   |-- fabric-particles-v1 5.0.15+b61fef434c
	   |-- fabric-permission-api-v1 1.0.0+f3e738be4c
	   |-- fabric-recipe-api-v1 9.0.15+be4b75ae4c
	   |-- fabric-registry-sync-v0 7.0.13+b61fef434c
	   |-- fabric-renderer-api-v1 13.0.4+c80601bb4c
	   |-- fabric-renderer-indigo 8.1.1+1403e82c4c
	   |-- fabric-rendering-fluids-v1 6.0.1+d871b99e4c
	   |-- fabric-rendering-v1 23.1.1+1403e82c4c
	   |-- fabric-resource-conditions-api-v1 6.0.5+00a1fba64c
	   |-- fabric-resource-loader-v0 3.3.17+4fc5413f4c
	   |-- fabric-resource-loader-v1 2.0.10+7c44c7324c
	   |-- fabric-screen-api-v1 5.0.1+d871b99e4c
	   |-- fabric-serialization-api-v1 2.0.3+11a26f314c
	   |-- fabric-sound-api-v1 2.0.4+11a26f314c
	   |-- fabric-tag-api-v1 2.1.1+371cf5db4c
	   |-- fabric-transfer-api-v1 8.0.5+357ea7334c
	   \-- fabric-transitive-access-wideners-v1 8.1.1+7f80f93d4c
	- fabricloader 0.19.2
	   \-- mixinextras 0.5.4
	- java 25
	- minecraft 26.1.2
	- sodium 0.8.12+mc26.1.2
	   \-- fabric-api-base 2.0.3+ece063234c
	- waylandcraft 1.3
[21:33:05] [main/INFO]: SpongePowered MIXIN Subsystem Version=0.8.7 Source=file:/home/puppyx3/.local/share/PrismLauncher/libraries/net/fabricmc/sponge-mixin/0.17.2+mixin.0.8.7/sponge-mixin-0.17.2+mixin.0.8.7.jar Service=Knot/Fabric Env=CLIENT
[21:33:05] [main/INFO]: Compatibility level set to JAVA_25
[21:33:05] [main/INFO]: Loaded configuration file for Sodium: 36 options available, 0 override(s) found
[21:33:06] [main/INFO]: Searching for graphics cards...
[21:33:06] [main/INFO]: Found graphics adapter: LinuxPciAdapterInfo[vendor=NVIDIA, name=AD107M [GeForce RTX 4050 Max-Q / Mobile], pciVendorId=0x10de, pciDeviceId=0x28a1]
[21:33:06] [main/INFO]: Found graphics adapter: LinuxPciAdapterInfo[vendor=INTEL, name=Raptor Lake-P [UHD Graphics], pciVendorId=0x8086, pciDeviceId=0xa7a8]
[21:33:06] [main/WARN]: Sodium has applied one or more workarounds to prevent crashes or other issues on your system: [NVIDIA_THREADED_OPTIMIZATIONS_BROKEN, NO_ERROR_CONTEXT_UNSUPPORTED]
[21:33:06] [main/WARN]: This is not necessarily an issue, but it may result in certain features or optimizations being disabled. You can sometimes fix these issues by upgrading your graphics driver.
[21:33:06] [main/INFO]: Initializing MixinExtras via com.llamalad7.mixinextras.service.MixinExtrasServiceImpl(version=0.5.4).
[21:33:07] [Datafixer Bootstrap/INFO]: 291 Datafixer optimizations took 253 milliseconds
[21:33:10] [Render thread/INFO]: Environment: Environment[sessionHost=https://sessionserver.mojang.com, servicesHost=https://api.minecraftservices.com, profilesHost=https://api.mojang.com, name=PROD]
[21:33:10] [Render thread/INFO]: Setting user: Liltardos
[21:33:10] [Render thread/INFO]: [Indigo] Different rendering plugin detected; not applying Indigo.
[21:33:10] [Render thread/INFO]: Initializing WaylandCraft
[21:33:11] [Render thread/INFO]: Backend library: LWJGL version 3.4.1-snapshot
[21:33:11] [Render thread/INFO]: Modifying process environment to apply workarounds for the NVIDIA graphics driver...
[21:33:11] [Render thread/INFO]: Using optional rendering extensions: GL_ARB_buffer_storage, GL_KHR_debug, GL_ARB_vertex_attrib_binding, GL_ARB_direct_state_access, GL_EXT_texture_filter_anisotropic
[21:33:11] [Render thread/ERROR]: Error while loading the narrator
com.mojang.text2speech.Narrator$InitializeException: Failed to load library flite
	at knot//com.mojang.text2speech.NarratorLinux$FliteLibrary.loadNative(NarratorLinux.java:81)
	at knot//com.mojang.text2speech.NarratorLinux.<init>(NarratorLinux.java:18)
	at knot//com.mojang.text2speech.Narrator.getNarrator(Narrator.java:41)
	at knot//net.minecraft.client.GameNarrator.<init>(GameNarrator.java:20)
	at knot//net.minecraft.client.Minecraft.<init>(Minecraft.java:726)
	at knot//net.minecraft.client.main.Main.main(Main.java:232)
	at net.fabricmc.loader.impl.game.minecraft.MinecraftGameProvider.launch(MinecraftGameProvider.java:514)
	at net.fabricmc.loader.impl.launch.knot.Knot.launch(Knot.java:72)
	at net.fabricmc.loader.impl.launch.knot.KnotClient.main(KnotClient.java:23)
	at org.prismlauncher.launcher.impl.StandardLauncher.launch(StandardLauncher.java:115)
	at org.prismlauncher.EntryPoint.listen(EntryPoint.java:129)
	at org.prismlauncher.EntryPoint.main(EntryPoint.java:70)
Caused by: java.lang.UnsatisfiedLinkError: Unable to load library 'flite':
libflite.so: cannot open shared object file: No such file or directory
libflite.so: cannot open shared object file: No such file or directory
Native library (linux-x86-64/libflite.so) not found in resource path (/usr/share/PrismLauncher/NewLaunch.jar:/home/puppyx3/.local/share/PrismLauncher/libraries/org/lwjgl/lwjgl-freetype-natives-linux/3.4.1/lwjgl-freetype-natives-linux-3.4.1.jar:/home/puppyx3/.local/share/PrismLauncher/libraries/org/lwjgl/lwjgl-freetype/3.4.1/lwjgl-freetype-3.4.1.jar:/home/puppyx3/.local/share/PrismLauncher/libraries/org/lwjgl/lwjgl-glfw-natives-linux/3.4.1/lwjgl-glfw-natives-linux-3.4.1.jar:/home/puppyx3/.local/share/PrismLauncher/libraries/org/lwjgl/lwjgl-glfw/3.4.1/lwjgl-glfw-3.4.1.jar:/home/puppyx3/.local/share/PrismLauncher/libraries/org/lwjgl/lwjgl-jemalloc-natives-linux/3.4.1/lwjgl-jemalloc-natives-linux-3.4.1.jar:/home/puppyx3/.local/share/PrismLauncher/libraries/org/lwjgl/lwjgl-jemalloc/3.4.1/lwjgl-jemalloc-3.4.1.jar:/home/puppyx3/.local/share/PrismLauncher/libraries/org/lwjgl/lwjgl-natives-linux/3.4.1/lwjgl-natives-linux-3.4.1.jar:/home/puppyx3/.local/share/PrismLauncher/libraries/org/lwjgl/lwjgl-openal-natives-linux/3.4.1/lwjgl-openal-natives-linux-3.4.1.jar:/home/puppyx3/.local/share/PrismLauncher/libraries/org/lwjgl/lwjgl-openal/3.4.1/lwjgl-openal-3.4.1.jar:/home/puppyx3/.local/share/PrismLauncher/libraries/org/lwjgl/lwjgl-opengl-natives-linux/3.4.1/lwjgl-opengl-natives-linux-3.4.1.jar:/home/puppyx3/.local/share/PrismLauncher/libraries/org/lwjgl/lwjgl-opengl/3.4.1/lwjgl-opengl-3.4.1.jar:/home/puppyx3/.local/share/PrismLauncher/libraries/org/lwjgl/lwjgl-shaderc-natives-linux/3.4.1/lwjgl-shaderc-natives-linux-3.4.1.jar:/home/puppyx3/.local/share/PrismLauncher/libraries/org/lwjgl/lwjgl-shaderc/3.4.1/lwjgl-shaderc-3.4.1.jar:/home/puppyx3/.local/share/PrismLauncher/libraries/org/lwjgl/lwjgl-spvc-natives-linux/3.4.1/lwjgl-spvc-natives-linux-3.4.1.jar:/home/puppyx3/.local/share/PrismLauncher/libraries/org/lwjgl/lwjgl-spvc/3.4.1/lwjgl-spvc-3.4.1.jar:/home/puppyx3/.local/share/PrismLauncher/libraries/org/lwjgl/lwjgl-stb-natives-linux/3.4.1/lwjgl-stb-natives-linux-3.4.1.jar:/home/puppyx3/.local/share/PrismLauncher/libraries/org/lwjgl/lwjgl-stb/3.4.1/lwjgl-stb-3.4.1.jar:/home/puppyx3/.local/share/PrismLauncher/libraries/org/lwjgl/lwjgl-tinyfd-natives-linux/3.4.1/lwjgl-tinyfd-natives-linux-3.4.1.jar:/home/puppyx3/.local/share/PrismLauncher/libraries/org/lwjgl/lwjgl-tinyfd/3.4.1/lwjgl-tinyfd-3.4.1.jar:/home/puppyx3/.local/share/PrismLauncher/libraries/org/lwjgl/lwjgl-vma-natives-linux/3.4.1/lwjgl-vma-natives-linux-3.4.1.jar:/home/puppyx3/.local/share/PrismLauncher/libraries/org/lwjgl/lwjgl-vma/3.4.1/lwjgl-vma-3.4.1.jar:/home/puppyx3/.local/share/PrismLauncher/libraries/org/lwjgl/lwjgl-vulkan/3.4.1/lwjgl-vulkan-3.4.1.jar:/home/puppyx3/.local/share/PrismLauncher/libraries/org/lwjgl/lwjgl/3.4.1/lwjgl-3.4.1.jar:/home/puppyx3/.local/share/PrismLauncher/libraries/at/yawk/lz4/lz4-java/1.10.1/lz4-java-1.10.1.jar:/home/puppyx3/.local/share/PrismLauncher/libraries/com/azure/azure-json/1.4.0/azure-json-1.4.0.jar:/home/puppyx3/.local/share/PrismLauncher/libraries/com/github/oshi/oshi-core/6.9.0/oshi-core-6.9.0.jar:/home/puppyx3/.local/share/PrismLauncher/libraries/com/google/code/gson/gson/2.13.2/gson-2.13.2.jar:/home/puppyx3/.local/share/PrismLauncher/libraries/com/google/guava/failureaccess/1.0.3/failureaccess-1.0.3.jar:/home/puppyx3/.local/share/PrismLauncher/libraries/com/google/guava/guava/33.5.0-jre/guava-33.5.0-jre.jar:/home/puppyx3/.local/share/PrismLauncher/libraries/com/ibm/icu/icu4j/77.1/icu4j-77.1.jar:/home/puppyx3/.local/share/PrismLauncher/libraries/com/microsoft/azure/msal4j/1.23.1/msal4j-1.23.1.jar:/home/puppyx3/.local/share/PrismLauncher/libraries/com/mojang/authlib/7.0.63/authlib-7.0.63.jar:/home/puppyx3/.local/share/PrismLauncher/libraries/com/mojang/blocklist/1.0.10/blocklist-1.0.10.jar:/home/puppyx3/.local/share/PrismLauncher/libraries/com/mojang/brigadier/1.3.10/brigadier-1.3.10.jar:/home/puppyx3/.local/share/PrismLauncher/libraries/com/mojang/datafixerupper/9.0.19/datafixerupper-9.0.19.jar:/home/puppyx3/.local/share/PrismLauncher/libraries/com/mojang/jtracy/1.0.37/jtracy-1.0.37.jar:/home/puppyx3/.local/share/PrismLauncher/libraries/com/mojang/jtracy-natives-linux/1.0.37/jtracy-natives-linux-1.0.37.jar:/home/puppyx3/.local/share/PrismLauncher/libraries/com/mojang/logging/1.6.11/logging-1.6.11.jar:/home/puppyx3/.local/share/PrismLauncher/libraries/com/mojang/patchy/2.2.10/patchy-2.2.10.jar:/home/puppyx3/.local/share/PrismLauncher/libraries/com/mojang/text2speech/1.18.11/text2speech-1.18.11.jar:/home/puppyx3/.local/share/PrismLauncher/libraries/commons-codec/commons-codec/1.19.0/commons-codec-1.19.0.jar:/home/puppyx3/.local/share/PrismLauncher/libraries/commons-io/commons-io/2.20.0/commons-io-2.20.0.jar:/home/puppyx3/.local/share/PrismLauncher/libraries/io/netty/netty-buffer/4.2.7.Final/netty-buffer-4.2.7.Final.jar:/home/puppyx3/.local/share/PrismLauncher/libraries/io/netty/netty-codec-base/4.2.7.Final/netty-codec-base-4.2.7.Final.jar:/home/puppyx3/.local/share/PrismLauncher/libraries/io/netty/netty-codec-compression/4.2.7.Final/netty-codec-compression-4.2.7.Final.jar:/home/puppyx3/.local/share/PrismLauncher/libraries/io/netty/netty-codec-http/4.2.7.Final/netty-codec-http-4.2.7.Final.jar:/home/puppyx3/.local/share/PrismLauncher/libraries/io/netty/netty-common/4.2.7.Final/netty-common-4.2.7.Final.jar:/home/puppyx3/.local/share/PrismLauncher/libraries/io/netty/netty-handler/4.2.7.Final/netty-handler-4.2.7.Final.jar:/home/puppyx3/.local/share/PrismLauncher/libraries/io/netty/netty-resolver/4.2.7.Final/netty-resolver-4.2.7.Final.jar:/home/puppyx3/.local/share/PrismLauncher/libraries/io/netty/netty-transport-classes-epoll/4.2.7.Final/netty-transport-classes-epoll-4.2.7.Final.jar:/home/puppyx3/.local/share/PrismLauncher/libraries/io/netty/netty-transport-classes-kqueue/4.2.7.Final/netty-transport-classes-kqueue-4.2.7.Final.jar:/home/puppyx3/.local/share/PrismLauncher/libraries/io/netty/netty-transport-native-epoll/4.2.7.Final/netty-transport-native-epoll-4.2.7.Final-linux-aarch_64.jar:/home/puppyx3/.local/share/PrismLauncher/libraries/io/netty/netty-transport-native-epoll/4.2.7.Final/netty-transport-native-epoll-4.2.7.Final-linux-x86_64.jar:/home/puppyx3/.local/share/PrismLauncher/libraries/io/netty/netty-transport-native-unix-common/4.2.7.Final/netty-transport-native-unix-common-4.2.7.Final.jar:/home/puppyx3/.local/share/PrismLauncher/libraries/io/netty/netty-transport/4.2.7.Final/netty-transport-4.2.7.Final.jar:/home/puppyx3/.local/share/PrismLauncher/libraries/it/unimi/dsi/fastutil/8.5.18/fastutil-8.5.18.jar:/home/puppyx3/.local/share/PrismLauncher/libraries/net/java/dev/jna/jna-platform/5.17.0/jna-platform-5.17.0.jar:/home/puppyx3/.local/share/PrismLauncher/libraries/net/java/dev/jna/jna/5.17.0/jna-5.17.0.jar:/home/puppyx3/.local/share/PrismLauncher/libraries/net/sf/jopt-simple/jopt-simple/5.0.4/jopt-simple-5.0.4.jar:/home/puppyx3/.local/share/PrismLauncher/libraries/org/apache/commons/commons-compress/1.28.0/commons-compress-1.28.0.jar:/home/puppyx3/.local/share/PrismLauncher/libraries/org/apache/commons/commons-lang3/3.19.0/commons-lang3-3.19.0.jar:/home/puppyx3/.local/share/PrismLauncher/libraries/org/apache/logging/log4j/log4j-api/2.25.2/log4j-api-2.25.2.jar:/home/puppyx3/.local/share/PrismLauncher/libraries/org/apache/logging/log4j/log4j-core/2.25.2/log4j-core-2.25.2.jar:/home/puppyx3/.local/share/PrismLauncher/libraries/org/apache/logging/log4j/log4j-slf4j2-impl/2.25.2/log4j-slf4j2-impl-2.25.2.jar:/home/puppyx3/.local/share/PrismLauncher/libraries/org/jcraft/jorbis/0.0.17/jorbis-0.0.17.jar:/home/puppyx3/.local/share/PrismLauncher/libraries/org/joml/joml/1.10.8/joml-1.10.8.jar:/home/puppyx3/.local/share/PrismLauncher/libraries/org/jspecify/jspecify/1.0.0/jspecify-1.0.0.jar:/home/puppyx3/.local/share/PrismLauncher/libraries/org/slf4j/slf4j-api/2.0.17/slf4j-api-2.0.17.jar:/home/puppyx3/.local/share/PrismLauncher/libraries/net/fabricmc/intermediary/26.1.2/intermediary-26.1.2.jar:/home/puppyx3/.local/share/PrismLauncher/libraries/org/ow2/asm/asm/9.9/asm-9.9.jar:/home/puppyx3/.local/share/PrismLauncher/libraries/org/ow2/asm/asm-analysis/9.9/asm-analysis-9.9.jar:/home/puppyx3/.local/share/PrismLauncher/libraries/org/ow2/asm/asm-commons/9.9/asm-commons-9.9.jar:/home/puppyx3/.local/share/PrismLauncher/libraries/org/ow2/asm/asm-tree/9.9/asm-tree-9.9.jar:/home/puppyx3/.local/share/PrismLauncher/libraries/org/ow2/asm/asm-util/9.9/asm-util-9.9.jar:/home/puppyx3/.local/share/PrismLauncher/libraries/net/fabricmc/sponge-mixin/0.17.2+mixin.0.8.7/sponge-mixin-0.17.2+mixin.0.8.7.jar:/home/puppyx3/.local/share/PrismLauncher/libraries/net/fabricmc/fabric-loader/0.19.2/fabric-loader-0.19.2.jar:/home/puppyx3/.local/share/PrismLauncher/libraries/com/mojang/minecraft/26.1.2/minecraft-26.1.2-client.jar)
	at knot//com.sun.jna.NativeLibrary.loadLibrary(NativeLibrary.java:325)
	at knot//com.sun.jna.NativeLibrary.getInstance(NativeLibrary.java:481)
	at knot//com.sun.jna.NativeLibrary.getInstance(NativeLibrary.java:423)
	at knot//com.mojang.text2speech.NarratorLinux$FliteLibrary.loadNative(NarratorLinux.java:79)
	... 11 more
	Suppressed: java.lang.UnsatisfiedLinkError: libflite.so: cannot open shared object file: No such file or directory
		at knot//com.sun.jna.Native.open(Native Method)
		at knot//com.sun.jna.NativeLibrary.loadLibrary(NativeLibrary.java:213)
		... 14 more
	Suppressed: java.lang.UnsatisfiedLinkError: libflite.so: cannot open shared object file: No such file or directory
		at knot//com.sun.jna.Native.open(Native Method)
		at knot//com.sun.jna.NativeLibrary.loadLibrary(NativeLibrary.java:226)
		... 14 more
	Suppressed: java.io.IOException: Native library (linux-x86-64/libflite.so) not found in resource path (/usr/share/PrismLauncher/NewLaunch.jar:/home/puppyx3/.local/share/PrismLauncher/libraries/org/lwjgl/lwjgl-freetype-natives-linux/3.4.1/lwjgl-freetype-natives-linux-3.4.1.jar:/home/puppyx3/.local/share/PrismLauncher/libraries/org/lwjgl/lwjgl-freetype/3.4.1/lwjgl-freetype-3.4.1.jar:/home/puppyx3/.local/share/PrismLauncher/libraries/org/lwjgl/lwjgl-glfw-natives-linux/3.4.1/lwjgl-glfw-natives-linux-3.4.1.jar:/home/puppyx3/.local/share/PrismLauncher/libraries/org/lwjgl/lwjgl-glfw/3.4.1/lwjgl-glfw-3.4.1.jar:/home/puppyx3/.local/share/PrismLauncher/libraries/org/lwjgl/lwjgl-jemalloc-natives-linux/3.4.1/lwjgl-jemalloc-natives-linux-3.4.1.jar:/home/puppyx3/.local/share/PrismLauncher/libraries/org/lwjgl/lwjgl-jemalloc/3.4.1/lwjgl-jemalloc-3.4.1.jar:/home/puppyx3/.local/share/PrismLauncher/libraries/org/lwjgl/lwjgl-natives-linux/3.4.1/lwjgl-natives-linux-3.4.1.jar:/home/puppyx3/.local/share/PrismLauncher/libraries/org/lwjgl/lwjgl-openal-natives-linux/3.4.1/lwjgl-openal-natives-linux-3.4.1.jar:/home/puppyx3/.local/share/PrismLauncher/libraries/org/lwjgl/lwjgl-openal/3.4.1/lwjgl-openal-3.4.1.jar:/home/puppyx3/.local/share/PrismLauncher/libraries/org/lwjgl/lwjgl-opengl-natives-linux/3.4.1/lwjgl-opengl-natives-linux-3.4.1.jar:/home/puppyx3/.local/share/PrismLauncher/libraries/org/lwjgl/lwjgl-opengl/3.4.1/lwjgl-opengl-3.4.1.jar:/home/puppyx3/.local/share/PrismLauncher/libraries/org/lwjgl/lwjgl-shaderc-natives-linux/3.4.1/lwjgl-shaderc-natives-linux-3.4.1.jar:/home/puppyx3/.local/share/PrismLauncher/libraries/org/lwjgl/lwjgl-shaderc/3.4.1/lwjgl-shaderc-3.4.1.jar:/home/puppyx3/.local/share/PrismLauncher/libraries/org/lwjgl/lwjgl-spvc-natives-linux/3.4.1/lwjgl-spvc-natives-linux-3.4.1.jar:/home/puppyx3/.local/share/PrismLauncher/libraries/org/lwjgl/lwjgl-spvc/3.4.1/lwjgl-spvc-3.4.1.jar:/home/puppyx3/.local/share/PrismLauncher/libraries/org/lwjgl/lwjgl-stb-natives-linux/3.4.1/lwjgl-stb-natives-linux-3.4.1.jar:/home/puppyx3/.local/share/PrismLauncher/libraries/org/lwjgl/lwjgl-stb/3.4.1/lwjgl-stb-3.4.1.jar:/home/puppyx3/.local/share/PrismLauncher/libraries/org/lwjgl/lwjgl-tinyfd-natives-linux/3.4.1/lwjgl-tinyfd-natives-linux-3.4.1.jar:/home/puppyx3/.local/share/PrismLauncher/libraries/org/lwjgl/lwjgl-tinyfd/3.4.1/lwjgl-tinyfd-3.4.1.jar:/home/puppyx3/.local/share/PrismLauncher/libraries/org/lwjgl/lwjgl-vma-natives-linux/3.4.1/lwjgl-vma-natives-linux-3.4.1.jar:/home/puppyx3/.local/share/PrismLauncher/libraries/org/lwjgl/lwjgl-vma/3.4.1/lwjgl-vma-3.4.1.jar:/home/puppyx3/.local/share/PrismLauncher/libraries/org/lwjgl/lwjgl-vulkan/3.4.1/lwjgl-vulkan-3.4.1.jar:/home/puppyx3/.local/share/PrismLauncher/libraries/org/lwjgl/lwjgl/3.4.1/lwjgl-3.4.1.jar:/home/puppyx3/.local/share/PrismLauncher/libraries/at/yawk/lz4/lz4-java/1.10.1/lz4-java-1.10.1.jar:/home/puppyx3/.local/share/PrismLauncher/libraries/com/azure/azure-json/1.4.0/azure-json-1.4.0.jar:/home/puppyx3/.local/share/PrismLauncher/libraries/com/github/oshi/oshi-core/6.9.0/oshi-core-6.9.0.jar:/home/puppyx3/.local/share/PrismLauncher/libraries/com/google/code/gson/gson/2.13.2/gson-2.13.2.jar:/home/puppyx3/.local/share/PrismLauncher/libraries/com/google/guava/failureaccess/1.0.3/failureaccess-1.0.3.jar:/home/puppyx3/.local/share/PrismLauncher/libraries/com/google/guava/guava/33.5.0-jre/guava-33.5.0-jre.jar:/home/puppyx3/.local/share/PrismLauncher/libraries/com/ibm/icu/icu4j/77.1/icu4j-77.1.jar:/home/puppyx3/.local/share/PrismLauncher/libraries/com/microsoft/azure/msal4j/1.23.1/msal4j-1.23.1.jar:/home/puppyx3/.local/share/PrismLauncher/libraries/com/mojang/authlib/7.0.63/authlib-7.0.63.jar:/home/puppyx3/.local/share/PrismLauncher/libraries/com/mojang/blocklist/1.0.10/blocklist-1.0.10.jar:/home/puppyx3/.local/share/PrismLauncher/libraries/com/mojang/brigadier/1.3.10/brigadier-1.3.10.jar:/home/puppyx3/.local/share/PrismLauncher/libraries/com/mojang/datafixerupper/9.0.19/datafixerupper-9.0.19.jar:/home/puppyx3/.local/share/PrismLauncher/libraries/com/mojang/jtracy/1.0.37/jtracy-1.0.37.jar:/home/puppyx3/.local/share/PrismLauncher/libraries/com/mojang/jtracy-natives-linux/1.0.37/jtracy-natives-linux-1.0.37.jar:/home/puppyx3/.local/share/PrismLauncher/libraries/com/mojang/logging/1.6.11/logging-1.6.11.jar:/home/puppyx3/.local/share/PrismLauncher/libraries/com/mojang/patchy/2.2.10/patchy-2.2.10.jar:/home/puppyx3/.local/share/PrismLauncher/libraries/com/mojang/text2speech/1.18.11/text2speech-1.18.11.jar:/home/puppyx3/.local/share/PrismLauncher/libraries/commons-codec/commons-codec/1.19.0/commons-codec-1.19.0.jar:/home/puppyx3/.local/share/PrismLauncher/libraries/commons-io/commons-io/2.20.0/commons-io-2.20.0.jar:/home/puppyx3/.local/share/PrismLauncher/libraries/io/netty/netty-buffer/4.2.7.Final/netty-buffer-4.2.7.Final.jar:/home/puppyx3/.local/share/PrismLauncher/libraries/io/netty/netty-codec-base/4.2.7.Final/netty-codec-base-4.2.7.Final.jar:/home/puppyx3/.local/share/PrismLauncher/libraries/io/netty/netty-codec-compression/4.2.7.Final/netty-codec-compression-4.2.7.Final.jar:/home/puppyx3/.local/share/PrismLauncher/libraries/io/netty/netty-codec-http/4.2.7.Final/netty-codec-http-4.2.7.Final.jar:/home/puppyx3/.local/share/PrismLauncher/libraries/io/netty/netty-common/4.2.7.Final/netty-common-4.2.7.Final.jar:/home/puppyx3/.local/share/PrismLauncher/libraries/io/netty/netty-handler/4.2.7.Final/netty-handler-4.2.7.Final.jar:/home/puppyx3/.local/share/PrismLauncher/libraries/io/netty/netty-resolver/4.2.7.Final/netty-resolver-4.2.7.Final.jar:/home/puppyx3/.local/share/PrismLauncher/libraries/io/netty/netty-transport-classes-epoll/4.2.7.Final/netty-transport-classes-epoll-4.2.7.Final.jar:/home/puppyx3/.local/share/PrismLauncher/libraries/io/netty/netty-transport-classes-kqueue/4.2.7.Final/netty-transport-classes-kqueue-4.2.7.Final.jar:/home/puppyx3/.local/share/PrismLauncher/libraries/io/netty/netty-transport-native-epoll/4.2.7.Final/netty-transport-native-epoll-4.2.7.Final-linux-aarch_64.jar:/home/puppyx3/.local/share/PrismLauncher/libraries/io/netty/netty-transport-native-epoll/4.2.7.Final/netty-transport-native-epoll-4.2.7.Final-linux-x86_64.jar:/home/puppyx3/.local/share/PrismLauncher/libraries/io/netty/netty-transport-native-unix-common/4.2.7.Final/netty-transport-native-unix-common-4.2.7.Final.jar:/home/puppyx3/.local/share/PrismLauncher/libraries/io/netty/netty-transport/4.2.7.Final/netty-transport-4.2.7.Final.jar:/home/puppyx3/.local/share/PrismLauncher/libraries/it/unimi/dsi/fastutil/8.5.18/fastutil-8.5.18.jar:/home/puppyx3/.local/share/PrismLauncher/libraries/net/java/dev/jna/jna-platform/5.17.0/jna-platform-5.17.0.jar:/home/puppyx3/.local/share/PrismLauncher/libraries/net/java/dev/jna/jna/5.17.0/jna-5.17.0.jar:/home/puppyx3/.local/share/PrismLauncher/libraries/net/sf/jopt-simple/jopt-simple/5.0.4/jopt-simple-5.0.4.jar:/home/puppyx3/.local/share/PrismLauncher/libraries/org/apache/commons/commons-compress/1.28.0/commons-compress-1.28.0.jar:/home/puppyx3/.local/share/PrismLauncher/libraries/org/apache/commons/commons-lang3/3.19.0/commons-lang3-3.19.0.jar:/home/puppyx3/.local/share/PrismLauncher/libraries/org/apache/logging/log4j/log4j-api/2.25.2/log4j-api-2.25.2.jar:/home/puppyx3/.local/share/PrismLauncher/libraries/org/apache/logging/log4j/log4j-core/2.25.2/log4j-core-2.25.2.jar:/home/puppyx3/.local/share/PrismLauncher/libraries/org/apache/logging/log4j/log4j-slf4j2-impl/2.25.2/log4j-slf4j2-impl-2.25.2.jar:/home/puppyx3/.local/share/PrismLauncher/libraries/org/jcraft/jorbis/0.0.17/jorbis-0.0.17.jar:/home/puppyx3/.local/share/PrismLauncher/libraries/org/joml/joml/1.10.8/joml-1.10.8.jar:/home/puppyx3/.local/share/PrismLauncher/libraries/org/jspecify/jspecify/1.0.0/jspecify-1.0.0.jar:/home/puppyx3/.local/share/PrismLauncher/libraries/org/slf4j/slf4j-api/2.0.17/slf4j-api-2.0.17.jar:/home/puppyx3/.local/share/PrismLauncher/libraries/net/fabricmc/intermediary/26.1.2/intermediary-26.1.2.jar:/home/puppyx3/.local/share/PrismLauncher/libraries/org/ow2/asm/asm/9.9/asm-9.9.jar:/home/puppyx3/.local/share/PrismLauncher/libraries/org/ow2/asm/asm-analysis/9.9/asm-analysis-9.9.jar:/home/puppyx3/.local/share/PrismLauncher/libraries/org/ow2/asm/asm-commons/9.9/asm-commons-9.9.jar:/home/puppyx3/.local/share/PrismLauncher/libraries/org/ow2/asm/asm-tree/9.9/asm-tree-9.9.jar:/home/puppyx3/.local/share/PrismLauncher/libraries/org/ow2/asm/asm-util/9.9/asm-util-9.9.jar:/home/puppyx3/.local/share/PrismLauncher/libraries/net/fabricmc/sponge-mixin/0.17.2+mixin.0.8.7/sponge-mixin-0.17.2+mixin.0.8.7.jar:/home/puppyx3/.local/share/PrismLauncher/libraries/net/fabricmc/fabric-loader/0.19.2/fabric-loader-0.19.2.jar:/home/puppyx3/.local/share/PrismLauncher/libraries/com/mojang/minecraft/26.1.2/minecraft-26.1.2-client.jar)
		at knot//com.sun.jna.Native.extractFromResourcePath(Native.java:1141)
		at knot//com.sun.jna.NativeLibrary.loadLibrary(NativeLibrary.java:297)
		... 14 more
[21:33:12] [Render thread/INFO]: Reloading ResourceManager: vanilla, fabric-api, fabric-api-base, fabric-api-lookup-api-v1, fabric-biome-api-v1, fabric-block-api-v1, fabric-block-getter-api-v2, fabric-command-api-v2, fabric-content-registries-v0, fabric-convention-tags-v2, fabric-crash-report-info-v1, fabric-creative-tab-api-v1, fabric-data-attachment-api-v1, fabric-data-generation-api-v1, fabric-debug-api-v1, fabric-dimensions-v1, fabric-entity-events-v1, fabric-events-interaction-v0, fabric-game-rule-api-v1, fabric-item-api-v1, fabric-key-mapping-api-v1, fabric-lifecycle-events-v1, fabric-loot-api-v3, fabric-menu-api-v1, fabric-message-api-v1, fabric-model-loading-api-v1, fabric-networking-api-v1, fabric-object-builder-api-v1, fabric-particles-v1, fabric-permission-api-v1, fabric-recipe-api-v1, fabric-registry-sync-v0, fabric-renderer-api-v1, fabric-renderer-indigo, fabric-rendering-fluids-v1, fabric-rendering-v1, fabric-resource-conditions-api-v1, fabric-resource-loader-v0, fabric-resource-loader-v1, fabric-screen-api-v1, fabric-serialization-api-v1, fabric-sound-api-v1, fabric-tag-api-v1, fabric-transfer-api-v1, fabric-transitive-access-wideners-v1, fabricloader, sodium, waylandcraft
[21:33:12] [Render thread/INFO]: Thread[#3,Render thread,10,main]
[21:33:12] [Render thread/INFO]: OpenGL Vendor: NVIDIA Corporation
[21:33:12] [Render thread/INFO]: OpenGL Renderer: NVIDIA GeForce RTX 4050 Laptop GPU/PCIe/SSE2
[21:33:12] [Render thread/INFO]: OpenGL Version: 3.3.0 NVIDIA 595.71.05
[21:33:12] [Render thread/INFO]: Modifying OpenGL context to apply workarounds for the NVIDIA graphics driver...
[21:33:12] [Render thread/INFO]: Loaded native library from jar
[21:33:12] [Render thread/INFO]: Server started on wayland-4
[21:33:12] [Worker-Main-10/INFO]: Found unifont_all_no_pua-17.0.01.hex, loading
[21:33:12] [Worker-Main-6/INFO]: Found unifont_pua-17.0.01.hex, loading
[21:33:12] [Worker-Main-9/INFO]: Found unifont_jp_patch-17.0.01.hex, loading
[21:33:14] [Render thread/INFO]: OpenAL initialized on device Logi USB Headset Analog Stereo
[21:33:14] [Render thread/INFO]: Sound engine started
[21:33:14] [Render thread/INFO]: Created: 512x256x0 minecraft:textures/atlas/particles.png-atlas
[21:33:14] [Render thread/INFO]: Created: 128x128x0 minecraft:textures/atlas/decorated_pot.png-atlas
[21:33:14] [Render thread/INFO]: Created: 2048x1024x0 minecraft:textures/atlas/armor_trims.png-atlas
[21:33:14] [Render thread/INFO]: Created: 512x256x0 minecraft:textures/atlas/paintings.png-atlas
[21:33:14] [Render thread/INFO]: Created: 1024x512x0 minecraft:textures/atlas/shield_patterns.png-atlas
[21:33:14] [Render thread/INFO]: Created: 2048x2048x4 minecraft:textures/atlas/blocks.png-atlas
[21:33:14] [Render thread/INFO]: Created: 512x512x0 minecraft:textures/atlas/chest.png-atlas
[21:33:14] [Render thread/INFO]: Created: 256x128x0 minecraft:textures/atlas/celestials.png-atlas
[21:33:14] [Render thread/INFO]: Created: 1024x512x0 minecraft:textures/atlas/banner_patterns.png-atlas
[21:33:14] [Render thread/INFO]: Created: 512x512x0 minecraft:textures/atlas/beds.png-atlas
[21:33:14] [Render thread/INFO]: Created: 1024x512x0 minecraft:textures/atlas/items.png-atlas
[21:33:14] [Render thread/INFO]: Created: 1024x1024x0 minecraft:textures/atlas/gui.png-atlas
[21:33:14] [Render thread/INFO]: Created: 128x64x0 minecraft:textures/atlas/map_decorations.png-atlas
[21:33:14] [Render thread/INFO]: Created: 512x256x0 minecraft:textures/atlas/signs.png-atlas
[21:33:14] [Render thread/INFO]: Created: 512x512x0 minecraft:textures/atlas/shulker_boxes.png-atlas
[21:33:16] [Thread-4/INFO]: Completed desktop entry loading in 3.773s
[21:33:16] [Thread-9/INFO]: Completed icon preloading in 0.045s
[21:33:23] [Render thread/INFO]: Flushed changes to Minecraft configuration
[21:33:25] [Render thread/INFO]: Stopping!
